-------------------------------------------------------------------------------
Test set: basilisk.web.servlet.BasiliskWebServletAppTest
-------------------------------------------------------------------------------
Tests run: 2, Failures: 0, Errors: 2, Skipped: 0, Time elapsed: 1.815 s <<< FAILURE! - in basilisk.web.servlet.BasiliskWebServletAppTest
basilisk.web.servlet.BasiliskWebServletAppTest.getTestData  Time elapsed: 0.006 s  <<< ERROR!
java.lang.IllegalStateException: Failed to load ApplicationContext
Caused by: org.springframework.beans.factory.BeanCreationException: Error creating bean with name 'requestMappingHandlerMapping' defined in class path resource [org/springframework/boot/autoconfigure/web/servlet/WebMvcAutoConfiguration$EnableWebMvcConfiguration.class]: Invocation of init method failed; nested exception is java.lang.NoSuchMethodError: 'void org.springframework.web.method.HandlerMethod.<init>(java.lang.String, org.springframework.beans.factory.BeanFactory, org.springframework.context.MessageSource, java.lang.reflect.Method)'
Caused by: java.lang.NoSuchMethodError: 'void org.springframework.web.method.HandlerMethod.<init>(java.lang.String, org.springframework.beans.factory.BeanFactory, org.springframework.context.MessageSource, java.lang.reflect.Method)'

basilisk.web.servlet.BasiliskWebServletAppTest.testExchangeKey  Time elapsed: 0 s  <<< ERROR!
java.lang.IllegalStateException: Failed to load ApplicationContext
Caused by: org.springframework.beans.factory.BeanCreationException: Error creating bean with name 'requestMappingHandlerMapping' defined in class path resource [org/springframework/boot/autoconfigure/web/servlet/WebMvcAutoConfiguration$EnableWebMvcConfiguration.class]: Invocation of init method failed; nested exception is java.lang.NoSuchMethodError: 'void org.springframework.web.method.HandlerMethod.<init>(java.lang.String, org.springframework.beans.factory.BeanFactory, org.springframework.context.MessageSource, java.lang.reflect.Method)'
Caused by: java.lang.NoSuchMethodError: 'void org.springframework.web.method.HandlerMethod.<init>(java.lang.String, org.springframework.beans.factory.BeanFactory, org.springframework.context.MessageSource, java.lang.reflect.Method)'

